
 Epoch [1] out of 150
Training loss: 0.923.. Validation loss: 0.494.. 
AUC: 0.94

 Epoch [2] out of 150
Training loss: 0.755.. Validation loss: 0.447.. 
AUC: 0.94

 Epoch [3] out of 150
Training loss: 0.722.. Validation loss: 0.430.. 
AUC: 0.95

 Epoch [4] out of 150
Training loss: 0.706.. Validation loss: 0.418.. 
AUC: 0.95

 Epoch [5] out of 150
Training loss: 0.696.. Validation loss: 0.408.. 
AUC: 0.95

 Epoch [6] out of 150
Training loss: 0.689.. Validation loss: 0.403.. 
AUC: 0.95

 Epoch [7] out of 150
Training loss: 0.683.. Validation loss: 0.398.. 
AUC: 0.95

 Epoch [8] out of 150
Training loss: 0.678.. Validation loss: 0.395.. 
AUC: 0.95

 Epoch [9] out of 150
Training loss: 0.675.. Validation loss: 0.394.. 
AUC: 0.95

 Epoch [10] out of 150
Training loss: 0.672.. Validation loss: 0.393.. 
AUC: 0.95

 Epoch [11] out of 150
Training loss: 0.670.. Validation loss: 0.392.. 
AUC: 0.95

 Epoch [12] out of 150
Training loss: 0.669.. Validation loss: 0.391.. 
AUC: 0.95

 Epoch [13] out of 150
Training loss: 0.667.. Validation loss: 0.390.. 
AUC: 0.95

 Epoch [14] out of 150
Training loss: 0.666.. Validation loss: 0.388.. 
AUC: 0.95

 Epoch [15] out of 150
Training loss: 0.665.. Validation loss: 0.387.. 
AUC: 0.95

 Epoch [16] out of 150
Training loss: 0.664.. Validation loss: 0.386.. 
AUC: 0.95

 Epoch [17] out of 150
Training loss: 0.663.. Validation loss: 0.385.. 
AUC: 0.95

 Epoch [18] out of 150
Training loss: 0.662.. Validation loss: 0.384.. 
AUC: 0.95

 Epoch [19] out of 150
Training loss: 0.661.. Validation loss: 0.383.. 
AUC: 0.95

 Epoch [20] out of 150
Training loss: 0.660.. Validation loss: 0.382.. 
AUC: 0.95

 Epoch [21] out of 150
Training loss: 0.659.. Validation loss: 0.381.. 
AUC: 0.95

 Epoch [22] out of 150
Training loss: 0.659.. Validation loss: 0.381.. 
AUC: 0.95

 Epoch [23] out of 150
Training loss: 0.658.. Validation loss: 0.381.. 
AUC: 0.95

 Epoch [24] out of 150
Training loss: 0.657.. Validation loss: 0.380.. 
AUC: 0.95

 Epoch [25] out of 150
Training loss: 0.657.. Validation loss: 0.379.. 
AUC: 0.95

 Epoch [26] out of 150
Training loss: 0.657.. Validation loss: 0.379.. 
AUC: 0.95

 Epoch [27] out of 150
Training loss: 0.656.. Validation loss: 0.379.. 
AUC: 0.95

 Epoch [28] out of 150
Training loss: 0.655.. Validation loss: 0.378.. 
AUC: 0.95

 Epoch [29] out of 150
Training loss: 0.655.. Validation loss: 0.378.. 
AUC: 0.95

 Epoch [30] out of 150
Training loss: 0.655.. Validation loss: 0.378.. 
AUC: 0.95

 Epoch [31] out of 150
Training loss: 0.654.. Validation loss: 0.378.. 
AUC: 0.95

 Epoch [32] out of 150
Training loss: 0.654.. Validation loss: 0.378.. 
AUC: 0.95

 Epoch [33] out of 150
Training loss: 0.654.. Validation loss: 0.378.. 
AUC: 0.95

 Epoch [34] out of 150
Training loss: 0.653.. Validation loss: 0.378.. 
AUC: 0.95

 Epoch [35] out of 150
Training loss: 0.653.. Validation loss: 0.377.. 
AUC: 0.95

 Epoch [36] out of 150
Training loss: 0.653.. Validation loss: 0.377.. 
AUC: 0.95

 Epoch [37] out of 150
Training loss: 0.653.. Validation loss: 0.377.. 
AUC: 0.95

 Epoch [38] out of 150
Training loss: 0.652.. Validation loss: 0.377.. 
AUC: 0.95

 Epoch [39] out of 150
Training loss: 0.652.. Validation loss: 0.377.. 
AUC: 0.95

 Epoch [40] out of 150
Training loss: 0.652.. Validation loss: 0.377.. 
AUC: 0.95

 Epoch [41] out of 150
Training loss: 0.651.. Validation loss: 0.377.. 
AUC: 0.95

 Epoch [42] out of 150
Training loss: 0.651.. Validation loss: 0.377.. 
AUC: 0.95

 Epoch [43] out of 150
Training loss: 0.651.. Validation loss: 0.377.. 
AUC: 0.95

 Epoch [44] out of 150
Training loss: 0.650.. Validation loss: 0.377.. 
AUC: 0.95

 Epoch [45] out of 150
Training loss: 0.650.. Validation loss: 0.377.. 
AUC: 0.95

 Epoch [46] out of 150
Training loss: 0.650.. Validation loss: 0.377.. 
AUC: 0.95

 Epoch [47] out of 150
Training loss: 0.650.. Validation loss: 0.377.. 
AUC: 0.95

 Epoch [48] out of 150
Training loss: 0.650.. Validation loss: 0.377.. 
AUC: 0.95

 Epoch [49] out of 150
Training loss: 0.650.. Validation loss: 0.377.. 
AUC: 0.95

 Epoch [50] out of 150
Training loss: 0.649.. Validation loss: 0.377.. 
AUC: 0.95

 Epoch [51] out of 150
Training loss: 0.649.. Validation loss: 0.377.. 
AUC: 0.95

 Epoch [52] out of 150
Training loss: 0.649.. Validation loss: 0.377.. 
AUC: 0.95

 Epoch [53] out of 150
Training loss: 0.649.. Validation loss: 0.377.. 
AUC: 0.95

 Epoch [54] out of 150
Training loss: 0.649.. Validation loss: 0.377.. 
AUC: 0.95

 Epoch [55] out of 150
Training loss: 0.649.. Validation loss: 0.377.. 
AUC: 0.95

 Epoch [56] out of 150
Training loss: 0.648.. Validation loss: 0.376.. 
AUC: 0.95

 Epoch [57] out of 150
Training loss: 0.648.. Validation loss: 0.376.. 
AUC: 0.95

 Epoch [58] out of 150
Training loss: 0.648.. Validation loss: 0.377.. 
AUC: 0.95

 Epoch [59] out of 150
Training loss: 0.648.. Validation loss: 0.376.. 
AUC: 0.95

 Epoch [60] out of 150
Training loss: 0.647.. Validation loss: 0.376.. 
AUC: 0.95

 Epoch [61] out of 150
Training loss: 0.647.. Validation loss: 0.376.. 
AUC: 0.95

 Epoch [62] out of 150
Training loss: 0.647.. Validation loss: 0.376.. 
AUC: 0.95

 Epoch [63] out of 150
Training loss: 0.647.. Validation loss: 0.375.. 
AUC: 0.95

 Epoch [64] out of 150
Training loss: 0.647.. Validation loss: 0.376.. 
AUC: 0.95

 Epoch [65] out of 150
Training loss: 0.646.. Validation loss: 0.375.. 
AUC: 0.95

 Epoch [66] out of 150
Training loss: 0.646.. Validation loss: 0.376.. 
AUC: 0.95

 Epoch [67] out of 150
Training loss: 0.647.. Validation loss: 0.376.. 
AUC: 0.95

 Epoch [68] out of 150
Training loss: 0.646.. Validation loss: 0.376.. 
AUC: 0.95

 Epoch [69] out of 150
Training loss: 0.646.. Validation loss: 0.375.. 
AUC: 0.95

 Epoch [70] out of 150
Training loss: 0.645.. Validation loss: 0.375.. 
AUC: 0.95

 Epoch [71] out of 150
Training loss: 0.645.. Validation loss: 0.375.. 
AUC: 0.95

 Epoch [72] out of 150
Training loss: 0.645.. Validation loss: 0.375.. 
AUC: 0.95

 Epoch [73] out of 150
Training loss: 0.645.. Validation loss: 0.375.. 
AUC: 0.95

 Epoch [74] out of 150
Training loss: 0.644.. Validation loss: 0.375.. 
AUC: 0.95

 Epoch [75] out of 150
Training loss: 0.644.. Validation loss: 0.375.. 
AUC: 0.95

 Epoch [76] out of 150
Training loss: 0.644.. Validation loss: 0.375.. 
AUC: 0.95

 Epoch [77] out of 150
Training loss: 0.644.. Validation loss: 0.375.. 
AUC: 0.95

 Epoch [78] out of 150
Training loss: 0.644.. Validation loss: 0.374.. 
AUC: 0.95

 Epoch [79] out of 150
Training loss: 0.643.. Validation loss: 0.373.. 
AUC: 0.96

 Epoch [80] out of 150
Training loss: 0.643.. Validation loss: 0.374.. 
AUC: 0.95

 Epoch [81] out of 150
Training loss: 0.643.. Validation loss: 0.373.. 
AUC: 0.96

 Epoch [82] out of 150
Training loss: 0.643.. Validation loss: 0.374.. 
AUC: 0.96

 Epoch [83] out of 150
Training loss: 0.642.. Validation loss: 0.373.. 
AUC: 0.96

 Epoch [84] out of 150
Training loss: 0.642.. Validation loss: 0.373.. 
AUC: 0.96

 Epoch [85] out of 150
Training loss: 0.642.. Validation loss: 0.373.. 
AUC: 0.96

 Epoch [86] out of 150
Training loss: 0.642.. Validation loss: 0.373.. 
AUC: 0.96

 Epoch [87] out of 150
Training loss: 0.642.. Validation loss: 0.373.. 
AUC: 0.96

 Epoch [88] out of 150
Training loss: 0.641.. Validation loss: 0.373.. 
AUC: 0.96

 Epoch [89] out of 150
Training loss: 0.641.. Validation loss: 0.373.. 
AUC: 0.96

 Epoch [90] out of 150
Training loss: 0.641.. Validation loss: 0.372.. 
AUC: 0.96

 Epoch [91] out of 150
Training loss: 0.641.. Validation loss: 0.372.. 
AUC: 0.96

 Epoch [92] out of 150
Training loss: 0.641.. Validation loss: 0.372.. 
AUC: 0.96

 Epoch [93] out of 150
Training loss: 0.640.. Validation loss: 0.373.. 
AUC: 0.96

 Epoch [94] out of 150
Training loss: 0.640.. Validation loss: 0.373.. 
AUC: 0.96

 Epoch [95] out of 150
Training loss: 0.640.. Validation loss: 0.372.. 
AUC: 0.96

 Epoch [96] out of 150
Training loss: 0.640.. Validation loss: 0.373.. 
AUC: 0.96

 Epoch [97] out of 150
Training loss: 0.640.. Validation loss: 0.372.. 
AUC: 0.96

 Epoch [98] out of 150
Training loss: 0.639.. Validation loss: 0.372.. 
AUC: 0.96

 Epoch [99] out of 150
Training loss: 0.639.. Validation loss: 0.373.. 
AUC: 0.96

 Epoch [100] out of 150
Training loss: 0.639.. Validation loss: 0.373.. 
AUC: 0.96

 Epoch [101] out of 150
Training loss: 0.639.. Validation loss: 0.373.. 
AUC: 0.96

 Epoch [102] out of 150
Training loss: 0.639.. Validation loss: 0.373.. 
AUC: 0.96

 Epoch [103] out of 150
Training loss: 0.639.. Validation loss: 0.373.. 
AUC: 0.96

 Epoch [104] out of 150
Training loss: 0.638.. Validation loss: 0.373.. 
AUC: 0.96

 Epoch [105] out of 150
Training loss: 0.639.. Validation loss: 0.373.. 
AUC: 0.96

 Epoch [106] out of 150
Training loss: 0.639.. Validation loss: 0.373.. 
AUC: 0.96

 Epoch [107] out of 150
Training loss: 0.639.. Validation loss: 0.373.. 
AUC: 0.96

 Epoch [108] out of 150
Training loss: 0.638.. Validation loss: 0.373.. 
AUC: 0.96

 Epoch [109] out of 150
Training loss: 0.638.. Validation loss: 0.372.. 
AUC: 0.96

 Epoch [110] out of 150
Training loss: 0.638.. Validation loss: 0.373.. 
AUC: 0.96

 Epoch [111] out of 150
Training loss: 0.638.. Validation loss: 0.373.. 
AUC: 0.96

 Epoch [112] out of 150
Training loss: 0.638.. Validation loss: 0.373.. 
AUC: 0.96

 Epoch [113] out of 150
Training loss: 0.638.. Validation loss: 0.373.. 
AUC: 0.96

 Epoch [114] out of 150
Training loss: 0.638.. Validation loss: 0.373.. 
AUC: 0.96

 Epoch [115] out of 150
Training loss: 0.637.. Validation loss: 0.373.. 
AUC: 0.96

 Epoch [116] out of 150
Training loss: 0.637.. Validation loss: 0.374.. 
AUC: 0.96

 Epoch [117] out of 150
Training loss: 0.637.. Validation loss: 0.373.. 
AUC: 0.96

 Epoch [118] out of 150
Training loss: 0.637.. Validation loss: 0.373.. 
AUC: 0.96

 Epoch [119] out of 150
Training loss: 0.637.. Validation loss: 0.373.. 
AUC: 0.96

 Epoch [120] out of 150
Training loss: 0.637.. Validation loss: 0.373.. 
AUC: 0.96

 Epoch [121] out of 150
Training loss: 0.637.. Validation loss: 0.373.. 
AUC: 0.96

 Epoch [122] out of 150
Training loss: 0.637.. Validation loss: 0.373.. 
AUC: 0.96

 Epoch [123] out of 150
Training loss: 0.637.. Validation loss: 0.373.. 
AUC: 0.96

 Epoch [124] out of 150
Training loss: 0.637.. Validation loss: 0.373.. 
AUC: 0.96

 Epoch [125] out of 150
Training loss: 0.637.. Validation loss: 0.373.. 
AUC: 0.96

 Epoch [126] out of 150
Training loss: 0.636.. Validation loss: 0.373.. 
AUC: 0.96

 Epoch [127] out of 150
Training loss: 0.636.. Validation loss: 0.372.. 
AUC: 0.96

 Epoch [128] out of 150
Training loss: 0.636.. Validation loss: 0.373.. 
AUC: 0.96

 Epoch [129] out of 150
Training loss: 0.636.. Validation loss: 0.372.. 
AUC: 0.96

 Epoch [130] out of 150
Training loss: 0.636.. Validation loss: 0.373.. 
AUC: 0.96

 Epoch [131] out of 150
Training loss: 0.637.. Validation loss: 0.373.. 
AUC: 0.96

 Epoch [132] out of 150
Training loss: 0.636.. Validation loss: 0.373.. 
AUC: 0.96

 Epoch [133] out of 150
Training loss: 0.636.. Validation loss: 0.374.. 
AUC: 0.96

 Epoch [134] out of 150
Training loss: 0.636.. Validation loss: 0.372.. 
AUC: 0.96

 Epoch [135] out of 150
Training loss: 0.636.. Validation loss: 0.372.. 
AUC: 0.96

 Epoch [136] out of 150
Training loss: 0.636.. Validation loss: 0.373.. 
AUC: 0.96

 Epoch [137] out of 150
Training loss: 0.635.. Validation loss: 0.373.. 
AUC: 0.96

 Epoch [138] out of 150
Training loss: 0.635.. Validation loss: 0.374.. 
AUC: 0.96

 Epoch [139] out of 150
Training loss: 0.636.. Validation loss: 0.374.. 
AUC: 0.96

 Epoch [140] out of 150
Training loss: 0.636.. Validation loss: 0.374.. 
AUC: 0.96

 Epoch [141] out of 150
Training loss: 0.635.. Validation loss: 0.374.. 
AUC: 0.96

 Epoch [142] out of 150
Training loss: 0.635.. Validation loss: 0.374.. 
AUC: 0.96

 Epoch [143] out of 150
Training loss: 0.635.. Validation loss: 0.373.. 
AUC: 0.96

 Epoch [144] out of 150
Training loss: 0.635.. Validation loss: 0.374.. 
AUC: 0.96

 Epoch [145] out of 150
Training loss: 0.636.. Validation loss: 0.374.. 
AUC: 0.96

 Epoch [146] out of 150
Training loss: 0.635.. Validation loss: 0.374.. 
AUC: 0.96

 Epoch [147] out of 150
Training loss: 0.635.. Validation loss: 0.373.. 
AUC: 0.96

 Epoch [148] out of 150
Training loss: 0.635.. Validation loss: 0.373.. 
AUC: 0.96

 Epoch [149] out of 150
Training loss: 0.634.. Validation loss: 0.375.. 
AUC: 0.96

 Epoch [150] out of 150
Training loss: 0.635.. Validation loss: 0.373.. 
AUC: 0.96
Finished Training
starttime = 2024-05-16 10:24:44.690605
now = 2024-05-16 14:46:18.729037
